[22:11:14] [main/INFO]: Using mbed TLS based native cipher.
[22:11:14] [main/INFO]: Using zlib based native compressor.
[22:11:14] [main/INFO]: Enabled Waterfall version git:Waterfall-Bootstrap:1.19-R0.1-SNAPSHOT:3df3a27:526
[22:11:14] [main/INFO]: Not on Windows, attempting to use enhanced EpollEventLoop
[22:11:14] [main/INFO]: Epoll is working, utilising it!
[22:11:15] [main/INFO]: Discovered module: ModuleSpec(name=cmd_alert, file=modules/cmd_alert.jar, provider=JenkinsModuleSource())
[22:11:15] [main/INFO]: Discovered module: ModuleSpec(name=cmd_find, file=modules/cmd_find.jar, provider=JenkinsModuleSource())
[22:11:15] [main/INFO]: Discovered module: ModuleSpec(name=cmd_list, file=modules/cmd_list.jar, provider=JenkinsModuleSource())
[22:11:15] [main/INFO]: Discovered module: ModuleSpec(name=cmd_send, file=modules/cmd_send.jar, provider=JenkinsModuleSource())
[22:11:15] [main/INFO]: Discovered module: ModuleSpec(name=cmd_server, file=modules/cmd_server.jar, provider=JenkinsModuleSource())
[22:11:15] [main/INFO]: Discovered module: ModuleSpec(name=reconnect_yaml, file=modules/reconnect_yaml.jar, provider=JenkinsModuleSource())
[22:11:15] [main/INFO]: Attempting to update plugin from null to ModuleVersion(build=526, git=3df3a27)
[22:11:15] [main/INFO]: Attempting to Jenkins download module cmd_alert v526
[22:11:17] [main/INFO]: Download complete
[22:11:17] [main/INFO]: Attempting to update plugin from null to ModuleVersion(build=526, git=3df3a27)
[22:11:17] [main/INFO]: Attempting to Jenkins download module cmd_find v526
[22:11:17] [main/INFO]: Download complete
[22:11:17] [main/INFO]: Attempting to update plugin from null to ModuleVersion(build=526, git=3df3a27)
[22:11:17] [main/INFO]: Attempting to Jenkins download module cmd_list v526
[22:11:17] [main/INFO]: Download complete
[22:11:17] [main/INFO]: Attempting to update plugin from null to ModuleVersion(build=526, git=3df3a27)
[22:11:17] [main/INFO]: Attempting to Jenkins download module cmd_send v526
[22:11:17] [main/INFO]: Download complete
[22:11:17] [main/INFO]: Attempting to update plugin from null to ModuleVersion(build=526, git=3df3a27)
[22:11:17] [main/INFO]: Attempting to Jenkins download module cmd_server v526
[22:11:17] [main/INFO]: Download complete
[22:11:17] [main/INFO]: Attempting to update plugin from null to ModuleVersion(build=526, git=3df3a27)
[22:11:17] [main/INFO]: Attempting to Jenkins download module reconnect_yaml v526
[22:11:17] [main/INFO]: Download complete
[22:11:18] [main/INFO]: Loaded plugin reconnect_yaml version git:reconnect_yaml:1.19-R0.1-SNAPSHOT:3df3a27:526 by WaterfallMC
[22:11:18] [main/INFO]: Loaded plugin cmd_find version git:cmd_find:1.19-R0.1-SNAPSHOT:3df3a27:526 by WaterfallMC
[22:11:18] [main/INFO]: Loaded plugin cmd_server version git:cmd_server:1.19-R0.1-SNAPSHOT:3df3a27:526 by WaterfallMC
[22:11:18] [main/INFO]: Loaded plugin cmd_alert version git:cmd_alert:1.19-R0.1-SNAPSHOT:3df3a27:526 by WaterfallMC
[22:11:18] [main/INFO]: Loaded plugin cmd_send version git:cmd_send:1.19-R0.1-SNAPSHOT:3df3a27:526 by WaterfallMC
[22:11:18] [main/INFO]: Loaded plugin cmd_list version git:cmd_list:1.19-R0.1-SNAPSHOT:3df3a27:526 by WaterfallMC
[22:11:18] [main/INFO] [EaglercraftXBungee]: Loading vanilla profile: lax1dude
[22:11:20] [Skin Download Thread #1/INFO] [EaglercraftXBungee]: Loaded vanilla profile: lax1dude
[22:11:20] [main/INFO]: Loaded plugin EaglercraftXBungee version 1.0.6 by lax1dude
[22:11:20] [main/WARN]: Forced host server pvp is not defined
[22:11:20] [main/INFO]: Enabled plugin reconnect_yaml version git:reconnect_yaml:1.19-R0.1-SNAPSHOT:3df3a27:526 by WaterfallMC
[22:11:20] [main/INFO]: Enabled plugin cmd_find version git:cmd_find:1.19-R0.1-SNAPSHOT:3df3a27:526 by WaterfallMC
[22:11:20] [main/INFO]: Enabled plugin cmd_server version git:cmd_server:1.19-R0.1-SNAPSHOT:3df3a27:526 by WaterfallMC
[22:11:20] [main/INFO]: Enabled plugin cmd_alert version git:cmd_alert:1.19-R0.1-SNAPSHOT:3df3a27:526 by WaterfallMC
[22:11:20] [main/INFO]: Enabled plugin cmd_send version git:cmd_send:1.19-R0.1-SNAPSHOT:3df3a27:526 by WaterfallMC
[22:11:20] [main/INFO]: Enabled plugin cmd_list version git:cmd_list:1.19-R0.1-SNAPSHOT:3df3a27:526 by WaterfallMC
[22:11:20] [main/ERROR] [EaglercraftXBungee]: Online mode is set to false! Authentication system has been disabled
[22:11:20] [Netty Worker IO Thread #0/INFO] [EaglercraftXBungee]: Eaglercraft is listening on: /0.0.0.0:8081
[22:11:21] [main/INFO] [EaglercraftXBungee]: Connected to database: jdbc:sqlite:eaglercraft_skins_cache.db
[22:11:21] [main/INFO]: Enabled plugin EaglercraftXBungee version 1.0.6 by lax1dude
[22:11:21] [Netty Boss IO Thread #0/INFO]: Listening on /127.0.0.1:25577
